2025-05-23 17:06:59,241 - __main__ - INFO - Starting GNB (Gaussian Naive Bayes) model training...
2025-05-23 17:07:00,142 - __main__ - INFO - 正在加载和预处理数据...
2025-05-23 17:07:00,175 - __main__ - INFO - 开始训练新模型...
2025-05-23 17:07:00,207 - __main__ - INFO - 开始超参数优化，共进行 10 次试验...
2025-05-23 17:07:01,482 - __main__ - INFO - 
=== 最佳参数 ===
2025-05-23 17:07:01,483 - __main__ - INFO - 最佳分数: 0.3364
2025-05-23 17:07:01,483 - __main__ - INFO - 最佳参数组合:
2025-05-23 17:07:01,485 - __main__ - INFO -   var_smoothing: 6.048448190329581e-07
2025-05-23 17:07:01,497 - __main__ - INFO - 训练高斯朴素贝叶斯模型...
2025-05-23 17:07:01,499 - __main__ - INFO - 对模型进行概率校准...
2025-05-23 17:07:01,505 - __main__ - INFO - 评估基础模型和两种校准模型...
2025-05-23 17:07:01,546 - __main__ - INFO - 基础模型得分: 0.3032
2025-05-23 17:07:01,546 - __main__ - INFO - Sigmoid校准模型得分: 0.2685
2025-05-23 17:07:01,546 - __main__ - INFO - Isotonic校准模型得分: 0.2764
2025-05-23 17:07:01,546 - __main__ - INFO - 基础模型效果最佳
2025-05-23 17:08:18,257 - __main__ - INFO - Starting GNB (Gaussian Naive Bayes) model training...
2025-05-23 17:08:18,527 - __main__ - INFO - 正在加载和预处理数据...
2025-05-23 17:08:18,541 - __main__ - INFO - 开始训练新模型...
2025-05-23 17:08:18,542 - __main__ - WARNING - 加载或评估现有模型失败: Ran out of input
2025-05-23 17:08:18,559 - __main__ - INFO - 开始超参数优化，共进行 10 次试验...
2025-05-23 17:08:19,884 - __main__ - INFO - 
=== 最佳参数 ===
2025-05-23 17:08:19,892 - __main__ - INFO - 最佳分数: 0.3364
2025-05-23 17:08:19,892 - __main__ - INFO - 最佳参数组合:
2025-05-23 17:08:19,909 - __main__ - INFO -   var_smoothing: 6.048448190329581e-07
2025-05-23 17:08:19,950 - __main__ - INFO - 训练高斯朴素贝叶斯模型...
2025-05-23 17:08:19,953 - __main__ - INFO - 对模型进行概率校准...
2025-05-23 17:08:19,966 - __main__ - INFO - 评估基础模型和两种校准模型...
2025-05-23 17:08:20,024 - __main__ - INFO - 基础模型得分: 0.3032
2025-05-23 17:08:20,024 - __main__ - INFO - Sigmoid校准模型得分: 0.2685
2025-05-23 17:08:20,024 - __main__ - INFO - Isotonic校准模型得分: 0.2764
2025-05-23 17:08:20,024 - __main__ - INFO - 基础模型效果最佳
2025-05-23 17:08:50,196 - __main__ - INFO - Starting GNB (Gaussian Naive Bayes) model training...
2025-05-23 17:08:50,654 - __main__ - INFO - 正在加载和预处理数据...
2025-05-23 17:08:50,671 - __main__ - INFO - 开始训练新模型...
2025-05-23 17:08:50,671 - __main__ - WARNING - 加载或评估现有模型失败: Ran out of input
2025-05-23 17:08:50,697 - __main__ - INFO - 开始超参数优化，共进行 10 次试验...
2025-05-23 17:08:52,756 - __main__ - INFO - 
=== 最佳参数 ===
2025-05-23 17:08:52,757 - __main__ - INFO - 最佳分数: 0.3364
2025-05-23 17:08:52,757 - __main__ - INFO - 最佳参数组合:
2025-05-23 17:08:52,759 - __main__ - INFO -   var_smoothing: 9.461026741943329e-07
2025-05-23 17:08:52,778 - __main__ - INFO - 训练高斯朴素贝叶斯模型...
2025-05-23 17:08:52,782 - __main__ - INFO - 对模型进行概率校准...
2025-05-23 17:08:52,794 - __main__ - INFO - 评估基础模型和两种校准模型...
2025-05-23 17:08:52,950 - __main__ - INFO - 基础模型得分: 0.3032
2025-05-23 17:08:52,950 - __main__ - INFO - Sigmoid校准模型得分: 0.2685
2025-05-23 17:08:52,950 - __main__ - INFO - Isotonic校准模型得分: 0.2764
2025-05-23 17:08:52,950 - __main__ - INFO - 基础模型效果最佳
2025-05-23 17:08:52,973 - __main__ - INFO - 新模型训练完成，综合得分: 0.3032
2025-05-23 17:08:52,973 - __main__ - INFO - 模型已保存至: model/GNB_model.pkl
2025-05-23 17:08:52,973 - __main__ - INFO - 模型训练/加载完成
