2025-04-24 11:44:32,428 - INFO - 开始SVM模型训练...
2025-04-24 11:44:32,428 - INFO - 特征列表: ['DII_food', 'Age', 'BMI', 'Gender', 'Education', 'Marriage', 'Smoke', 'Alcohol', 'Employment', 'ActivityLevel']
2025-04-24 11:44:32,428 - INFO - 类别特征: ['Gender', 'Education', 'Marriage', 'Smoke', 'Alcohol', 'Employment', 'ActivityLevel']
2025-04-24 11:44:32,429 - INFO - 加载数据...
2025-04-24 11:44:32,445 - INFO - 特征处理完成。特征数量：22
2025-04-24 11:44:32,447 - INFO - 目标变量分布：
Epilepsy
0    11331
1      205
Name: count, dtype: int64
2025-04-24 11:44:32,450 - INFO - 训练集样本数: 8075, 测试集样本数: 3461
2025-04-24 11:44:32,450 - INFO - 开始Optuna优化 (10 次试验)...
2025-04-24 11:44:32,451 - INFO - [Trial 1] 训练折叠 1/5...
2025-04-24 11:44:41,264 - INFO - [Trial 1] 折叠 1 指标: AUC = 0.6552, F1 = 0.0417
2025-04-24 11:44:41,264 - INFO - [Trial 1] 训练折叠 2/5...
2025-04-24 11:44:51,025 - INFO - [Trial 1] 折叠 2 指标: AUC = 0.6910, F1 = 0.0617
2025-04-24 11:44:51,025 - INFO - [Trial 1] 训练折叠 3/5...
2025-04-24 11:45:00,544 - INFO - [Trial 1] 折叠 3 指标: AUC = 0.5192, F1 = 0.0304
2025-04-24 11:45:00,544 - INFO - [Trial 1] 训练折叠 4/5...
2025-04-24 11:45:10,712 - INFO - [Trial 1] 折叠 4 指标: AUC = 0.5290, F1 = 0.0383
2025-04-24 11:45:10,713 - INFO - [Trial 1] 训练折叠 5/5...
2025-04-24 11:45:21,818 - INFO - [Trial 1] 折叠 5 指标: AUC = 0.6157, F1 = 0.0538
2025-04-24 11:45:21,820 - INFO - [Trial 1] 平均指标: AUC = 0.6020, F1 = 0.0452, 分数 = -inf
2025-04-24 11:45:21,822 - INFO - [Trial 1] 训练折叠 1/5...
2025-04-24 11:45:30,645 - INFO - [Trial 1] 折叠 1 指标: AUC = 0.6552, F1 = 0.0414
2025-04-24 11:45:30,646 - INFO - [Trial 1] 训练折叠 2/5...
2025-04-24 11:45:40,657 - INFO - [Trial 1] 折叠 2 指标: AUC = 0.6927, F1 = 0.0619
2025-04-24 11:45:40,658 - INFO - [Trial 1] 训练折叠 3/5...
2025-04-24 11:45:49,504 - INFO - [Trial 1] 折叠 3 指标: AUC = 0.5164, F1 = 0.0299
2025-04-24 11:45:49,505 - INFO - [Trial 1] 训练折叠 4/5...
2025-04-24 11:45:59,528 - INFO - [Trial 1] 折叠 4 指标: AUC = 0.5309, F1 = 0.0378
2025-04-24 11:45:59,529 - INFO - [Trial 1] 训练折叠 5/5...
2025-04-24 11:46:10,619 - INFO - [Trial 1] 折叠 5 指标: AUC = 0.6153, F1 = 0.0571
2025-04-24 11:46:10,622 - INFO - [Trial 1] 平均指标: AUC = 0.6021, F1 = 0.0456, 分数 = -inf
2025-04-24 11:46:10,623 - INFO - [Trial 1] 训练折叠 1/5...
2025-04-24 11:46:12,845 - INFO - [Trial 1] 折叠 1 指标: AUC = 0.6075, F1 = 0.1093
2025-04-24 11:46:12,845 - INFO - [Trial 1] 训练折叠 2/5...
2025-04-24 11:46:15,139 - INFO - [Trial 1] 折叠 2 指标: AUC = 0.5736, F1 = 0.1826
2025-04-24 11:46:15,139 - INFO - [Trial 1] 训练折叠 3/5...
2025-04-24 11:46:17,325 - INFO - [Trial 1] 折叠 3 指标: AUC = 0.5384, F1 = 0.1936
2025-04-24 11:46:17,325 - INFO - [Trial 1] 训练折叠 4/5...
2025-04-24 11:46:19,857 - INFO - [Trial 1] 折叠 4 指标: AUC = 0.7334, F1 = 0.1538
2025-04-24 11:46:19,857 - INFO - [Trial 1] 训练折叠 5/5...
2025-04-24 11:46:22,191 - INFO - [Trial 1] 折叠 5 指标: AUC = 0.7304, F1 = 0.1145
2025-04-24 11:46:22,192 - INFO - [Trial 1] 平均指标: AUC = 0.6367, F1 = 0.1507, 分数 = -inf
2025-04-24 11:46:22,194 - INFO - [Trial 1] 训练折叠 1/5...
2025-04-24 11:46:31,219 - INFO - [Trial 1] 折叠 1 指标: AUC = 0.6550, F1 = 0.0417
2025-04-24 11:46:31,219 - INFO - [Trial 1] 训练折叠 2/5...
2025-04-24 11:46:41,324 - INFO - [Trial 1] 折叠 2 指标: AUC = 0.6900, F1 = 0.0584
2025-04-24 11:46:41,325 - INFO - [Trial 1] 训练折叠 3/5...
2025-04-24 11:46:50,868 - INFO - [Trial 1] 折叠 3 指标: AUC = 0.5164, F1 = 0.0299
2025-04-24 11:46:50,868 - INFO - [Trial 1] 训练折叠 4/5...
2025-04-24 11:47:01,036 - INFO - [Trial 1] 折叠 4 指标: AUC = 0.5311, F1 = 0.0386
2025-04-24 11:47:01,036 - INFO - [Trial 1] 训练折叠 5/5...
2025-04-24 11:47:12,206 - INFO - [Trial 1] 折叠 5 指标: AUC = 0.6161, F1 = 0.0584
2025-04-24 11:47:12,208 - INFO - [Trial 1] 平均指标: AUC = 0.6017, F1 = 0.0454, 分数 = -inf
2025-04-24 11:47:12,210 - INFO - [Trial 1] 训练折叠 1/5...
2025-04-24 11:47:13,517 - INFO - [Trial 1] 折叠 1 指标: AUC = 0.5362, F1 = 0.0594
2025-04-24 11:47:13,517 - INFO - [Trial 1] 训练折叠 2/5...
2025-04-24 11:47:14,880 - INFO - [Trial 1] 折叠 2 指标: AUC = 0.6310, F1 = 0.3061
2025-04-24 11:47:14,880 - INFO - [Trial 1] 训练折叠 3/5...
2025-04-24 11:47:16,250 - INFO - [Trial 1] 折叠 3 指标: AUC = 0.5512, F1 = 0.1979
2025-04-24 11:47:16,250 - INFO - [Trial 1] 训练折叠 4/5...
2025-04-24 11:47:17,781 - INFO - [Trial 1] 折叠 4 指标: AUC = 0.7568, F1 = 0.1978
2025-04-24 11:47:17,781 - INFO - [Trial 1] 训练折叠 5/5...
2025-04-24 11:47:19,253 - INFO - [Trial 1] 折叠 5 指标: AUC = 0.7852, F1 = 0.2029
2025-04-24 11:47:19,254 - INFO - [Trial 1] 平均指标: AUC = 0.6521, F1 = 0.1928, 分数 = -inf
2025-04-24 11:47:19,255 - INFO - [Trial 1] 训练折叠 1/5...
2025-04-24 11:47:20,721 - INFO - [Trial 1] 折叠 1 指标: AUC = 0.5760, F1 = 0.0870
2025-04-24 11:47:20,722 - INFO - [Trial 1] 训练折叠 2/5...
2025-04-24 11:47:22,273 - INFO - [Trial 1] 折叠 2 指标: AUC = 0.6629, F1 = 0.3180
2025-04-24 11:47:22,273 - INFO - [Trial 1] 训练折叠 3/5...
2025-04-24 11:47:23,985 - INFO - [Trial 1] 折叠 3 指标: AUC = 0.5995, F1 = 0.2831
2025-04-24 11:47:23,986 - INFO - [Trial 1] 训练折叠 4/5...
2025-04-24 11:47:25,754 - INFO - [Trial 1] 折叠 4 指标: AUC = 0.7137, F1 = 0.2503
2025-04-24 11:47:25,754 - INFO - [Trial 1] 训练折叠 5/5...
2025-04-24 11:47:27,416 - INFO - [Trial 1] 折叠 5 指标: AUC = 0.7732, F1 = 0.2414
2025-04-24 11:47:27,418 - INFO - [Trial 1] 平均指标: AUC = 0.6651, F1 = 0.2359, 分数 = -inf
2025-04-24 11:47:27,419 - INFO - [Trial 1] 训练折叠 1/5...
2025-04-24 11:48:52,646 - INFO - [Trial 1] 折叠 1 指标: AUC = 0.6289, F1 = 0.0577
2025-04-24 11:48:52,646 - INFO - [Trial 1] 训练折叠 2/5...
2025-04-24 11:50:20,460 - INFO - [Trial 1] 折叠 2 指标: AUC = 0.6724, F1 = 0.1975
2025-04-24 11:50:20,461 - INFO - [Trial 1] 训练折叠 3/5...
2025-04-24 11:52:35,072 - INFO - [Trial 1] 折叠 3 指标: AUC = 0.6756, F1 = 0.1542
2025-04-24 11:52:35,072 - INFO - [Trial 1] 训练折叠 4/5...
2025-04-24 11:54:09,621 - INFO - [Trial 1] 折叠 4 指标: AUC = 0.7398, F1 = 0.1353
2025-04-24 11:54:09,621 - INFO - [Trial 1] 训练折叠 5/5...
2025-04-24 11:56:56,029 - INFO - [Trial 1] 折叠 5 指标: AUC = 0.6966, F1 = 0.1230
2025-04-24 11:56:56,031 - INFO - [Trial 1] 平均指标: AUC = 0.6827, F1 = 0.1335, 分数 = -inf
2025-04-24 11:56:56,033 - INFO - [Trial 1] 训练折叠 1/5...
2025-04-24 11:57:04,957 - INFO - [Trial 1] 折叠 1 指标: AUC = 0.6552, F1 = 0.0415
2025-04-24 11:57:04,957 - INFO - [Trial 1] 训练折叠 2/5...
2025-04-24 11:57:15,111 - INFO - [Trial 1] 折叠 2 指标: AUC = 0.6920, F1 = 0.0620
2025-04-24 11:57:15,111 - INFO - [Trial 1] 训练折叠 3/5...
2025-04-24 11:57:24,652 - INFO - [Trial 1] 折叠 3 指标: AUC = 0.5175, F1 = 0.0304
2025-04-24 11:57:24,652 - INFO - [Trial 1] 训练折叠 4/5...
2025-04-24 11:57:35,100 - INFO - [Trial 1] 折叠 4 指标: AUC = 0.5321, F1 = 0.0386
2025-04-24 11:57:35,100 - INFO - [Trial 1] 训练折叠 5/5...
2025-04-24 11:57:46,031 - INFO - [Trial 1] 折叠 5 指标: AUC = 0.6150, F1 = 0.0570
2025-04-24 11:57:46,033 - INFO - [Trial 1] 平均指标: AUC = 0.6023, F1 = 0.0459, 分数 = -inf
2025-04-24 11:57:46,034 - INFO - [Trial 1] 训练折叠 1/5...
2025-04-24 12:04:43,439 - INFO - 开始SVM模型训练...
2025-04-24 12:04:43,439 - INFO - 特征列表: ['DII_food', 'Age', 'BMI', 'Gender', 'Education', 'Marriage', 'Smoke', 'Alcohol', 'Employment', 'ActivityLevel']
2025-04-24 12:04:43,439 - INFO - 类别特征: ['Gender', 'Education', 'Marriage', 'Smoke', 'Alcohol', 'Employment', 'ActivityLevel']
2025-04-24 12:04:43,439 - INFO - 加载数据...
2025-04-24 12:04:43,454 - INFO - 特征处理完成。特征数量：22
2025-04-24 12:04:43,455 - INFO - 目标变量分布：
Epilepsy
0    11331
1      205
Name: count, dtype: int64
2025-04-24 12:04:43,457 - INFO - 训练集样本数: 8075, 测试集样本数: 3461
2025-04-24 12:04:43,457 - INFO - 开始Optuna优化 (10 次试验)...
2025-04-24 12:04:43,458 - INFO - [Trial 1] 训练折叠 1/5...
