2025-04-22 13:43:41,316 - INFO - Starting XGBoost model training
2025-04-22 13:44:00,895 - INFO - Optuna best score: -inf
2025-04-22 13:44:00,895 - INFO - Best parameters:
2025-04-22 13:44:00,895 - INFO - n_estimators: 200
2025-04-22 13:44:00,895 - INFO - max_depth: 10
2025-04-22 13:44:00,895 - INFO - learning_rate: 0.05547107987236009
2025-04-22 13:44:00,895 - INFO - subsample: 0.7672662615752976
2025-04-22 13:44:00,895 - INFO - colsample_bytree: 0.9940061502237982
2025-04-22 13:44:00,895 - INFO - reg_alpha: 1.70688313548634
2025-04-22 13:44:00,895 - INFO - reg_lambda: 0.6645430949475255
2025-04-22 13:44:00,895 - INFO - use_label_encoder: False
2025-04-22 13:44:00,895 - INFO - random_state: 42
2025-04-22 13:44:00,895 - INFO - eval_metric: logloss
2025-04-22 13:44:00,895 - INFO - Best metrics:
2025-04-22 13:44:00,895 - INFO - AUC-ROC: 0.8302
2025-04-22 13:44:00,896 - INFO - AUC-PR: 0.3091
2025-04-22 13:44:00,896 - INFO - Sensitivity: 0.5733
2025-04-22 13:44:00,896 - INFO - Specificity: 0.9717
2025-04-22 13:44:00,896 - INFO - Precision: 0.2699
2025-04-22 13:44:00,896 - INFO - F1: 0.3670
2025-04-22 13:44:00,896 - INFO - ECE: 0.0397
2025-04-22 13:44:00,896 - INFO - MCE: 0.7284
2025-04-22 13:44:00,896 - INFO - Brier: 0.0260
2025-04-22 13:44:00,896 - INFO - LogLoss: 0.1012
2025-04-22 14:47:15,335 - INFO - Starting XGBoost model training
2025-04-22 14:49:11,168 - INFO - Starting XGBoost model training
